<?xml version="1.0" encoding="UTF-8"?>
<testsuite xmlns:xsi="http://www.w3.org/2001/XMLSchema-instance" xsi:noNamespaceSchemaLocation="https://maven.apache.org/surefire/maven-surefire-plugin/xsd/surefire-test-report-3.0.xsd" version="3.0" name="ru.netology.geo.GeoServiceImplTest" time="0.025" tests="2" errors="0" skipped="0" failures="0">
  <properties>
[...]
</properties>
  <testcase name="byIp_shouldReturnUSAFor96" classname="ru.netology.geo.GeoServiceImplTest" time="0.01"/>
  <testcase name="byIp_shouldReturnRussiaFor172" classname="ru.netology.geo.GeoServiceImplTest" time="0.001"/>
</testsuite>